<?xml version="1.0" encoding="UTF-8"?>
<!-- Generated by org.testng.reporters.JUnitReportReporter -->
<testsuite skipped="0" hostname="Sanjeev" name="com.selenium.test.Test1" tests="1" failures="0" timestamp="11 Apr 2018 18:42:00 GMT" time="31.361" errors="0">
  <testcase name="testGoogle" time="31.361" classname="com.selenium.test.Test1"/>
</testsuite> <!-- com.selenium.test.Test1 -->
